17:06 : Long Vu Nhu has edited a record in the Payroll Summary form via Web.
17:06 : Long Vu Nhu has edited a record in the Payroll Summary form via Web.
15:28 : Thu Hà Đỗ has added a new record in the New Request for Access form via Web.
14:54 : Minh Anh Trần has deleted the Radio 1 field, under the New Request for Access form.
14:54 : Minh Anh Trần has modified the Radio 1 field, under the New Request for Access form.
14:54 : Minh Anh Trần has modified the Radio 1 field, under the New Request for Access form.
14:54 : Minh Anh Trần has added a field Radio 1, under the New Request for Access form.
14:53 : Minh Anh Trần has updated the New Request for Access form, under the Service Request service.
14:53 : Minh Anh Trần has updated the New Request for Access form, under the Service Request service.
14:50 : Minh Anh Trần has deleted the Multi Line 1 field, under the New Request for Access form.
14:50 : Minh Anh Trần has modified the Multi Line 1 field, under the New Request for Access form.
14:50 : Minh Anh Trần has modified the Multi Line 1 field, under the New Request for Access form.
14:50 : Minh Anh Trần has modified the Multi Line 1 field, under the New Request for Access form.
14:50 : Minh Anh Trần has modified the Multi Line 1 field, under the New Request for Access form.
14:50 : Minh Anh Trần has added a field Multi Line 1, under the New Request for Access form.
14:49 : Minh Anh Trần has deleted the Multi-select 1 field, under the New Request for Access form.
14:49 : Minh Anh Trần has added a field Multi-select 1, under the New Request for Access form.
14:49 : Minh Anh Trần has modified the Request for users field, under the New Request for Access form.
14:43 : Long Vu Nhu has edited a record in the Payslip form via Web.
14:43 : Minh Anh Trần has modified the Request for users field, under the New Request for Access form.
14:38 : Thu Hà Đỗ has updated the New Request for Access form, under the Service Request service.
14:38 : Thu Hà Đỗ has deleted the NO field, under the New Request for Access form.
14:38 : Thu Hà Đỗ has deleted the Employee field, under the New Request for Access form.
14:36 : Thu Hà Đỗ has updated the New Request for Access form, under the Service Request service.
14:04 : Long Vu Nhu has edited a record in the Payslip form via Web.
